TestGymApp/app/build/intermediates/manifest_merge_blame_file/debug/manifest-merger-blame-debug-report.txt
1<?xml version="1.0" encoding="utf-8"?>
2<manifest xmlns:android="http://schemas.android.com/apk/res/android"
3    package="com.example.testgymapp"
4    android:versionCode="1"
5    android:versionName="1.0" >
6
7    <uses-sdk
8        android:minSdkVersion="26"
8-->src\main\AndroidManifest.xml
9        android:targetSdkVersion="31" />
9-->src\main\AndroidManifest.xml
10
11    <uses-permission android:name="android.permission.INTERNET" />
11-->[com.google.firebase:firebase-auth:21.0.1] AndroidManifest.xml:23:5-67
11-->[com.google.firebase:firebase-auth:21.0.1] AndroidManifest.xml:23:22-64
12    <uses-permission android:name="android.permission.ACCESS_NETWORK_STATE" />
12-->[com.google.firebase:firebase-auth:21.0.1] AndroidManifest.xml:24:5-79
12-->[com.google.firebase:firebase-auth:21.0.1] AndroidManifest.xml:24:22-76
13    <uses-permission android:name="android.permission.WAKE_LOCK" />
13-->[com.google.android.gms:play-services-measurement:19.0.2] AndroidManifest.xml:25:5-68
13-->[com.google.android.gms:play-services-measurement:19.0.2] AndroidManifest.xml:25:22-65
14    <uses-permission android:name="com.google.android.finsky.permission.BIND_GET_INSTALL_REFERRER_SERVICE" />
14-->[com.google.android.gms:play-services-measurement:19.0.2] AndroidManifest.xml:26:5-110
14-->[com.google.android.gms:play-services-measurement:19.0.2] AndroidManifest.xml:26:22-107
15
16    <application
16-->src\main\AndroidManifest.xml:5:5-39:19
17        android:allowBackup="true"
17-->src\main\AndroidManifest.xml:6:9-35
18        android:appComponentFactory="androidx.core.app.CoreComponentFactory"
18-->[androidx.core:core:1.5.0] AndroidManifest.xml:24:18-86
19        android:debuggable="true"
20        android:extractNativeLibs="false"
21        android:icon="@mipmap/ic_launcher"
21-->src\main\AndroidManifest.xml:7:9-43
22        android:label="@string/app_name"
22-->src\main\AndroidManifest.xml:8:9-41
23        android:roundIcon="@mipmap/ic_launcher_round"
23-->src\main\AndroidManifest.xml:9:9-54
24        android:supportsRtl="true"
24-->src\main\AndroidManifest.xml:10:9-35
25        android:testOnly="true"
26        android:theme="@style/Theme.TestGymApp" >
26-->src\main\AndroidManifest.xml:11:9-48
27        <activity
27-->src\main\AndroidManifest.xml:12:9-14:39
28            android:name="com.example.testgymapp.UserAccountPage"
28-->src\main\AndroidManifest.xml:13:13-44
29            android:exported="true" />
29-->src\main\AndroidManifest.xml:14:13-36
30        <activity
30-->src\main\AndroidManifest.xml:15:9-17:39
31            android:name="com.example.testgymapp.GymClasses"
31-->src\main\AndroidManifest.xml:16:13-39
32            android:exported="true" />
32-->src\main\AndroidManifest.xml:17:13-36
33        <activity
33-->src\main\AndroidManifest.xml:18:9-20:39
34            android:name="com.example.testgymapp.AdminPage"
34-->src\main\AndroidManifest.xml:19:13-38
35            android:exported="true" />
35-->src\main\AndroidManifest.xml:20:13-36
36        <activity
36-->src\main\AndroidManifest.xml:21:9-23:39
37            android:name="com.example.testgymapp.InstructorPage"
37-->src\main\AndroidManifest.xml:22:13-43
38            android:exported="true" />
38-->src\main\AndroidManifest.xml:23:13-36
39        <activity
39-->src\main\AndroidManifest.xml:24:9-26:39
40            android:name="com.example.testgymapp.GymMemberPage"
40-->src\main\AndroidManifest.xml:25:13-42
41            android:exported="true" />
41-->src\main\AndroidManifest.xml:26:13-36
42        <activity
42-->src\main\AndroidManifest.xml:27:9-29:39
43            android:name="com.example.testgymapp.CreateAccount"
43-->src\main\AndroidManifest.xml:28:13-42
44            android:exported="true" />
44-->src\main\AndroidManifest.xml:29:13-36
45        <activity
45-->src\main\AndroidManifest.xml:30:9-38:20
46            android:name="com.example.testgymapp.MainActivity"
46-->src\main\AndroidManifest.xml:31:13-41
47            android:exported="true" >
47-->src\main\AndroidManifest.xml:32:13-36
48            <intent-filter>
48-->src\main\AndroidManifest.xml:33:13-37:29
49                <action android:name="android.intent.action.MAIN" />
49-->src\main\AndroidManifest.xml:34:17-69
49-->src\main\AndroidManifest.xml:34:25-66
50
51                <category android:name="android.intent.category.LAUNCHER" />
51-->src\main\AndroidManifest.xml:36:17-77
51-->src\main\AndroidManifest.xml:36:27-74
52            </intent-filter>
53        </activity>
54        <activity
54-->[com.google.firebase:firebase-auth:21.0.1] AndroidManifest.xml:27:9-44:20
55            android:name="com.google.firebase.auth.internal.GenericIdpActivity"
55-->[com.google.firebase:firebase-auth:21.0.1] AndroidManifest.xml:28:13-80
56            android:excludeFromRecents="true"
56-->[com.google.firebase:firebase-auth:21.0.1] AndroidManifest.xml:29:13-46
57            android:exported="true"
57-->[com.google.firebase:firebase-auth:21.0.1] AndroidManifest.xml:30:13-36
58            android:launchMode="singleTask"
58-->[com.google.firebase:firebase-auth:21.0.1] AndroidManifest.xml:31:13-44
59            android:theme="@android:style/Theme.Translucent.NoTitleBar" >
59-->[com.google.firebase:firebase-auth:21.0.1] AndroidManifest.xml:32:13-72
60            <intent-filter>
60-->[com.google.firebase:firebase-auth:21.0.1] AndroidManifest.xml:33:13-43:29
61                <action android:name="android.intent.action.VIEW" />
61-->[com.google.firebase:firebase-auth:21.0.1] AndroidManifest.xml:34:17-69
61-->[com.google.firebase:firebase-auth:21.0.1] AndroidManifest.xml:34:25-66
62
63                <category android:name="android.intent.category.DEFAULT" />
63-->[com.google.firebase:firebase-auth:21.0.1] AndroidManifest.xml:36:17-76
63-->[com.google.firebase:firebase-auth:21.0.1] AndroidManifest.xml:36:27-73
64                <category android:name="android.intent.category.BROWSABLE" />
64-->[com.google.firebase:firebase-auth:21.0.1] AndroidManifest.xml:37:17-78
64-->[com.google.firebase:firebase-auth:21.0.1] AndroidManifest.xml:37:27-75
65
66                <data
66-->[com.google.firebase:firebase-auth:21.0.1] AndroidManifest.xml:39:17-42:51
67                    android:host="firebase.auth"
67-->[com.google.firebase:firebase-auth:21.0.1] AndroidManifest.xml:40:21-49
68                    android:path="/"
68-->[com.google.firebase:firebase-auth:21.0.1] AndroidManifest.xml:41:21-37
69                    android:scheme="genericidp" />
69-->[com.google.firebase:firebase-auth:21.0.1] AndroidManifest.xml:42:21-48
70            </intent-filter>
71        </activity>
72        <activity
72-->[com.google.firebase:firebase-auth:21.0.1] AndroidManifest.xml:45:9-62:20
73            android:name="com.google.firebase.auth.internal.RecaptchaActivity"
73-->[com.google.firebase:firebase-auth:21.0.1] AndroidManifest.xml:46:13-79
74            android:excludeFromRecents="true"
74-->[com.google.firebase:firebase-auth:21.0.1] AndroidManifest.xml:47:13-46
75            android:exported="true"
75-->[com.google.firebase:firebase-auth:21.0.1] AndroidManifest.xml:48:13-36
76            android:launchMode="singleTask"
76-->[com.google.firebase:firebase-auth:21.0.1] AndroidManifest.xml:49:13-44
77            android:theme="@android:style/Theme.Translucent.NoTitleBar" >
77-->[com.google.firebase:firebase-auth:21.0.1] AndroidManifest.xml:50:13-72
78            <intent-filter>
78-->[com.google.firebase:firebase-auth:21.0.1] AndroidManifest.xml:51:13-61:29
79                <action android:name="android.intent.action.VIEW" />
79-->[com.google.firebase:firebase-auth:21.0.1] AndroidManifest.xml:34:17-69
79-->[com.google.firebase:firebase-auth:21.0.1] AndroidManifest.xml:34:25-66
80
81                <category android:name="android.intent.category.DEFAULT" />
81-->[com.google.firebase:firebase-auth:21.0.1] AndroidManifest.xml:36:17-76
81-->[com.google.firebase:firebase-auth:21.0.1] AndroidManifest.xml:36:27-73
82                <category android:name="android.intent.category.BROWSABLE" />
82-->[com.google.firebase:firebase-auth:21.0.1] AndroidManifest.xml:37:17-78
82-->[com.google.firebase:firebase-auth:21.0.1] AndroidManifest.xml:37:27-75
83
84                <data
84-->[com.google.firebase:firebase-auth:21.0.1] AndroidManifest.xml:39:17-42:51
85                    android:host="firebase.auth"
85-->[com.google.firebase:firebase-auth:21.0.1] AndroidManifest.xml:40:21-49
86                    android:path="/"
86-->[com.google.firebase:firebase-auth:21.0.1] AndroidManifest.xml:41:21-37
87                    android:scheme="recaptcha" />
87-->[com.google.firebase:firebase-auth:21.0.1] AndroidManifest.xml:42:21-48
88            </intent-filter>
89        </activity>
90
91        <service
91-->[com.google.firebase:firebase-auth:21.0.1] AndroidManifest.xml:64:9-73:19
92            android:name="com.google.firebase.auth.api.fallback.service.FirebaseAuthFallbackService"
92-->[com.google.firebase:firebase-auth:21.0.1] AndroidManifest.xml:65:13-101
93            android:enabled="true"
93-->[com.google.firebase:firebase-auth:21.0.1] AndroidManifest.xml:66:13-35
94            android:exported="false" >
94-->[com.google.firebase:firebase-auth:21.0.1] AndroidManifest.xml:67:13-37
95            <intent-filter>
95-->[com.google.firebase:firebase-auth:21.0.1] AndroidManifest.xml:68:13-72:29
96                <action android:name="com.google.firebase.auth.api.gms.service.START" />
96-->[com.google.firebase:firebase-auth:21.0.1] AndroidManifest.xml:69:17-89
96-->[com.google.firebase:firebase-auth:21.0.1] AndroidManifest.xml:69:25-86
97
98                <category android:name="android.intent.category.DEFAULT" />
98-->[com.google.firebase:firebase-auth:21.0.1] AndroidManifest.xml:36:17-76
98-->[com.google.firebase:firebase-auth:21.0.1] AndroidManifest.xml:36:27-73
99            </intent-filter>
100        </service>
101        <service
101-->[com.google.firebase:firebase-auth:21.0.1] AndroidManifest.xml:74:9-80:19
102            android:name="com.google.firebase.components.ComponentDiscoveryService"
102-->[com.google.firebase:firebase-auth:21.0.1] AndroidManifest.xml:75:13-84
103            android:directBootAware="true"
103-->[com.google.firebase:firebase-common:20.0.0] AndroidManifest.xml:35:13-43
104            android:exported="false" >
104-->[com.google.firebase:firebase-auth:21.0.1] AndroidManifest.xml:76:13-37
105            <meta-data
105-->[com.google.firebase:firebase-auth:21.0.1] AndroidManifest.xml:77:13-79:85
106                android:name="com.google.firebase.components:com.google.firebase.auth.FirebaseAuthRegistrar"
106-->[com.google.firebase:firebase-auth:21.0.1] AndroidManifest.xml:78:17-109
107                android:value="com.google.firebase.components.ComponentRegistrar" />
107-->[com.google.firebase:firebase-auth:21.0.1] AndroidManifest.xml:79:17-82
108            <meta-data
108-->[com.google.firebase:firebase-database:20.0.2] AndroidManifest.xml:32:13-34:85
109                android:name="com.google.firebase.components:com.google.firebase.database.DatabaseRegistrar"
109-->[com.google.firebase:firebase-database:20.0.2] AndroidManifest.xml:33:17-109
110                android:value="com.google.firebase.components.ComponentRegistrar" />
110-->[com.google.firebase:firebase-database:20.0.2] AndroidManifest.xml:34:17-82
111            <meta-data
111-->[com.google.android.gms:play-services-measurement-api:19.0.2] AndroidManifest.xml:30:13-32:85
112                android:name="com.google.firebase.components:com.google.firebase.analytics.connector.internal.AnalyticsConnectorRegistrar"
112-->[com.google.android.gms:play-services-measurement-api:19.0.2] AndroidManifest.xml:31:17-139
113                android:value="com.google.firebase.components.ComponentRegistrar" />
113-->[com.google.android.gms:play-services-measurement-api:19.0.2] AndroidManifest.xml:32:17-82
114            <meta-data
114-->[com.google.firebase:firebase-installations:17.0.0] AndroidManifest.xml:18:13-20:85
115                android:name="com.google.firebase.components:com.google.firebase.installations.FirebaseInstallationsRegistrar"
115-->[com.google.firebase:firebase-installations:17.0.0] AndroidManifest.xml:19:17-127
116                android:value="com.google.firebase.components.ComponentRegistrar" />
116-->[com.google.firebase:firebase-installations:17.0.0] AndroidManifest.xml:20:17-82
117        </service>
118
119        <activity
119-->[com.google.android.gms:play-services-base:17.1.0] AndroidManifest.xml:23:9-26:75
120            android:name="com.google.android.gms.common.api.GoogleApiActivity"
120-->[com.google.android.gms:play-services-base:17.1.0] AndroidManifest.xml:24:13-79
121            android:exported="false"
121-->[com.google.android.gms:play-services-base:17.1.0] AndroidManifest.xml:25:13-37
122            android:theme="@android:style/Theme.Translucent.NoTitleBar" />
122-->[com.google.android.gms:play-services-base:17.1.0] AndroidManifest.xml:26:13-72
123
124        <receiver
124-->[com.google.android.gms:play-services-measurement:19.0.2] AndroidManifest.xml:29:9-33:20
125            android:name="com.google.android.gms.measurement.AppMeasurementReceiver"
125-->[com.google.android.gms:play-services-measurement:19.0.2] AndroidManifest.xml:30:13-85
126            android:enabled="true"
126-->[com.google.android.gms:play-services-measurement:19.0.2] AndroidManifest.xml:31:13-35
127            android:exported="false" >
127-->[com.google.android.gms:play-services-measurement:19.0.2] AndroidManifest.xml:32:13-37
128        </receiver>
129
130        <service
130-->[com.google.android.gms:play-services-measurement:19.0.2] AndroidManifest.xml:35:9-38:40
131            android:name="com.google.android.gms.measurement.AppMeasurementService"
131-->[com.google.android.gms:play-services-measurement:19.0.2] AndroidManifest.xml:36:13-84
132            android:enabled="true"
132-->[com.google.android.gms:play-services-measurement:19.0.2] AndroidManifest.xml:37:13-35
133            android:exported="false" />
133-->[com.google.android.gms:play-services-measurement:19.0.2] AndroidManifest.xml:38:13-37
134        <service
134-->[com.google.android.gms:play-services-measurement:19.0.2] AndroidManifest.xml:39:9-43:72
135            android:name="com.google.android.gms.measurement.AppMeasurementJobService"
135-->[com.google.android.gms:play-services-measurement:19.0.2] AndroidManifest.xml:40:13-87
136            android:enabled="true"
136-->[com.google.android.gms:play-services-measurement:19.0.2] AndroidManifest.xml:41:13-35
137            android:exported="false"
137-->[com.google.android.gms:play-services-measurement:19.0.2] AndroidManifest.xml:42:13-37
138            android:permission="android.permission.BIND_JOB_SERVICE" />
138-->[com.google.android.gms:play-services-measurement:19.0.2] AndroidManifest.xml:43:13-69
139
140        <provider
140-->[com.google.firebase:firebase-common:20.0.0] AndroidManifest.xml:26:9-31:39
141            android:name="com.google.firebase.provider.FirebaseInitProvider"
141-->[com.google.firebase:firebase-common:20.0.0] AndroidManifest.xml:27:13-77
142            android:authorities="com.example.testgymapp.firebaseinitprovider"
142-->[com.google.firebase:firebase-common:20.0.0] AndroidManifest.xml:28:13-72
143            android:directBootAware="true"
143-->[com.google.firebase:firebase-common:20.0.0] AndroidManifest.xml:29:13-43
144            android:exported="false"
144-->[com.google.firebase:firebase-common:20.0.0] AndroidManifest.xml:30:13-37
145            android:initOrder="100" />
145-->[com.google.firebase:firebase-common:20.0.0] AndroidManifest.xml:31:13-36
146
147        <meta-data
147-->[com.google.android.gms:play-services-basement:17.1.0] AndroidManifest.xml:23:9-25:69
148            android:name="com.google.android.gms.version"
148-->[com.google.android.gms:play-services-basement:17.1.0] AndroidManifest.xml:24:13-58
149            android:value="@integer/google_play_services_version" />
149-->[com.google.android.gms:play-services-basement:17.1.0] AndroidManifest.xml:25:13-66
150    </application>
151
152</manifest>